This file contains any messages produced by compilers while
running configure, to aid debugging if configure makes a mistake.

It was created by configure, which was
generated by GNU Autoconf 2.71.  Invocation command line was

  $ ./configure

## --------- ##
## Platform. ##
## --------- ##

hostname = colum-HP-ProDesk-400-G1-SFF
uname -m = x86_64
uname -r = 5.15.0-164-generic
uname -s = Linux
uname -v = #174-Ubuntu SMP Fri Nov 14 20:25:16 UTC 2025

/usr/bin/uname -p = x86_64
/bin/uname -X     = unknown

/bin/arch              = x86_64
/usr/bin/arch -k       = unknown
/usr/convex/getsysinfo = unknown
/usr/bin/hostinfo      = unknown
/bin/machine           = unknown
/usr/bin/oslevel       = unknown
/bin/universe          = unknown

PATH: /usr/prebin/
PATH: /home/colum/.local/bin/
PATH: /home/colum/bin/
PATH: /usr/local/bin/
PATH: /usr/bin/
PATH: /bin/
PATH: /usr/local/games/
PATH: /usr/games/


## ----------- ##
## Core tests. ##
## ----------- ##

configure:2182: looking for aux files: install-sh
configure:2195:  trying ./
configure:2206:   ./install-sh found
configure:2400: checking for gcc
configure:2421: found /usr/bin/gcc
configure:2432: result: gcc
configure:2785: checking for C compiler version
configure:2794: gcc --version >&5
gcc (Ubuntu 11.4.0-1ubuntu1~22.04.2) 11.4.0
Copyright (C) 2021 Free Software Foundation, Inc.
This is free software; see the source for copying conditions.  There is NO
warranty; not even for MERCHANTABILITY or FITNESS FOR A PARTICULAR PURPOSE.

configure:2805: $? = 0
configure:2794: gcc -v >&5
Using built-in specs.
COLLECT_GCC=gcc
COLLECT_LTO_WRAPPER=/usr/lib/gcc/x86_64-linux-gnu/11/lto-wrapper
OFFLOAD_TARGET_NAMES=nvptx-none:amdgcn-amdhsa
OFFLOAD_TARGET_DEFAULT=1
Target: x86_64-linux-gnu
Configured with: ../src/configure -v --with-pkgversion='Ubuntu 11.4.0-1ubuntu1~22.04.2' --with-bugurl=file:///usr/share/doc/gcc-11/README.Bugs --enable-languages=c,ada,c++,go,brig,d,fortran,objc,obj-c++,m2 --prefix=/usr --with-gcc-major-version-only --program-suffix=-11 --program-prefix=x86_64-linux-gnu- --enable-shared --enable-linker-build-id --libexecdir=/usr/lib --without-included-gettext --enable-threads=posix --libdir=/usr/lib --enable-nls --enable-bootstrap --enable-clocale=gnu --enable-libstdcxx-debug --enable-libstdcxx-time=yes --with-default-libstdcxx-abi=new --enable-gnu-unique-object --disable-vtable-verify --enable-plugin --enable-default-pie --with-system-zlib --enable-libphobos-checking=release --with-target-system-zlib=auto --enable-objc-gc=auto --enable-multiarch --disable-werror --enable-cet --with-arch-32=i686 --with-abi=m64 --with-multilib-list=m32,m64,mx32 --enable-multilib --with-tune=generic --enable-offload-targets=nvptx-none=/build/gcc-11-2Y5pKs/gcc-11-11.4.0/debian/tmp-nvptx/usr,amdgcn-amdhsa=/build/gcc-11-2Y5pKs/gcc-11-11.4.0/debian/tmp-gcn/usr --without-cuda-driver --enable-checking=release --build=x86_64-linux-gnu --host=x86_64-linux-gnu --target=x86_64-linux-gnu --with-build-config=bootstrap-lto-lean --enable-link-serialization=2
Thread model: posix
Supported LTO compression algorithms: zlib zstd
gcc version 11.4.0 (Ubuntu 11.4.0-1ubuntu1~22.04.2) 
... rest of stderr output deleted ...
configure:2805: $? = 0
configure:2794: gcc -V >&5
gcc: error: unrecognized command-line option '-V'
gcc: fatal error: no input files
compilation terminated.
configure:2805: $? = 1
configure:2794: gcc -qversion >&5
gcc: error: unrecognized command-line option '-qversion'; did you mean '--version'?
gcc: fatal error: no input files
compilation terminated.
configure:2805: $? = 1
configure:2794: gcc -version >&5
gcc: error: unrecognized command-line option '-version'
gcc: fatal error: no input files
compilation terminated.
configure:2805: $? = 1
configure:2825: checking whether the C compiler works
configure:2847: gcc    conftest.c  >&5
configure:2851: $? = 0
configure:2901: result: yes
configure:2904: checking for C compiler default output file name
configure:2906: result: a.out
configure:2912: checking for suffix of executables
configure:2919: gcc -o conftest    conftest.c  >&5
configure:2923: $? = 0
configure:2946: result: 
configure:2968: checking whether we are cross compiling
configure:2976: gcc -o conftest    conftest.c  >&5
configure:2980: $? = 0
configure:2987: ./conftest
configure:2991: $? = 0
configure:3006: result: no
configure:3011: checking for suffix of object files
configure:3034: gcc -c   conftest.c >&5
configure:3038: $? = 0
configure:3060: result: o
configure:3064: checking whether the compiler supports GNU C
configure:3084: gcc -c   conftest.c >&5
configure:3084: $? = 0
configure:3094: result: yes
configure:3105: checking whether gcc accepts -g
configure:3126: gcc -c -g  conftest.c >&5
configure:3126: $? = 0
configure:3170: result: yes
configure:3190: checking for gcc option to enable C11 features
configure:3205: gcc  -c -g -O2  conftest.c >&5
configure:3205: $? = 0
configure:3223: result: none needed
configure:3339: checking whether make sets $(MAKE)
configure:3362: result: yes
configure:3387: checking for a BSD-compatible install
configure:3460: result: /usr/bin/install -c
configure:3483: checking for special C compiler options needed for large files
configure:3531: result: no
configure:3537: checking for _FILE_OFFSET_BITS value needed for large files
configure:3563: gcc -c -g -O2  conftest.c >&5
configure:3563: $? = 0
configure:3597: result: no
configure:3989: checking for GetToken in -lUseful
configure:4012: gcc -o conftest -g -O2   conftest.c -lUseful   >&5
configure:4012: $? = 0
configure:4022: result: yes
configure:4032: checking for base32encode in -lUseful
configure:4055: gcc -o conftest -g -O2   conftest.c -lUseful  -lUseful  >&5
/usr/bin/ld: /tmp/ccw9MzU9.o: in function `main':
/home/colum/upgrade/allyourbase/conftest.c:18: undefined reference to `base32encode'
collect2: error: ld returned 1 exit status
configure:4055: $? = 1
configure: failed program was:
| /* confdefs.h */
| #define PACKAGE_NAME ""
| #define PACKAGE_TARNAME ""
| #define PACKAGE_VERSION ""
| #define PACKAGE_STRING ""
| #define PACKAGE_BUGREPORT ""
| #define PACKAGE_URL ""
| #define HAVE_LIBUSEFUL 1
| /* end confdefs.h.  */
| 
| /* Override any GCC internal prototype to avoid an error.
|    Use char because int might match the return type of a GCC
|    builtin and then its argument prototype would still apply.  */
| char base32encode ();
| int
| main (void)
| {
| return base32encode ();
|   ;
|   return 0;
| }
configure:4065: result: no
configure:4075: checking for baseXXencode in -lUseful
configure:4098: gcc -o conftest -g -O2   conftest.c -lUseful  -lUseful  >&5
configure:4098: $? = 0
configure:4108: result: yes
configure:4121: checking for OpenSSLVerifyCallback in -lUseful
configure:4144: gcc -o conftest -g -O2   conftest.c -lUseful -lssl -lcrypto -lz -lUseful -lUseful  >&5
configure:4144: $? = 0
configure:4154: result: yes
configure:4158: checking for SSL_new in -lssl
configure:4181: gcc -o conftest -g -O2   conftest.c -lssl -lcrypto -lz -lUseful -lUseful  >&5
configure:4181: $? = 0
configure:4191: result: yes
configure:4201: checking for ERR_load_CRYPTO_strings in -lcrypto
configure:4224: gcc -o conftest -g -O2   conftest.c -lcrypto -lz -lssl -lUseful -lUseful  >&5
configure:4224: $? = 0
configure:4234: result: yes
configure:4244: checking for inflate in -lz
configure:4267: gcc -o conftest -g -O2   conftest.c -lz  -lcrypto -lssl -lUseful -lUseful  >&5
configure:4267: $? = 0
configure:4277: result: yes
configure:4495: creating ./config.status

## ---------------------- ##
## Running config.status. ##
## ---------------------- ##

This file was extended by config.status, which was
generated by GNU Autoconf 2.71.  Invocation command line was

  CONFIG_FILES    = 
  CONFIG_HEADERS  = 
  CONFIG_LINKS    = 
  CONFIG_COMMANDS = 
  $ ./config.status 

on colum-HP-ProDesk-400-G1-SFF

config.status:720: creating Makefile

## ---------------- ##
## Cache variables. ##
## ---------------- ##

ac_cv_c_compiler_gnu=yes
ac_cv_env_CC_set=
ac_cv_env_CC_value=
ac_cv_env_CFLAGS_set=
ac_cv_env_CFLAGS_value=
ac_cv_env_CPPFLAGS_set=
ac_cv_env_CPPFLAGS_value=
ac_cv_env_LDFLAGS_set=
ac_cv_env_LDFLAGS_value=
ac_cv_env_LIBS_set=
ac_cv_env_LIBS_value=
ac_cv_env_build_alias_set=
ac_cv_env_build_alias_value=
ac_cv_env_host_alias_set=
ac_cv_env_host_alias_value=
ac_cv_env_target_alias_set=
ac_cv_env_target_alias_value=
ac_cv_lib_Useful_GetToken=yes
ac_cv_lib_Useful_OpenSSLVerifyCallback=yes
ac_cv_lib_Useful_base32encode=yes
ac_cv_lib_Useful_baseXXencode=yes
ac_cv_lib_crypto_ERR_load_CRYPTO_strings=yes
ac_cv_lib_ssl_SSL_new=yes
ac_cv_lib_z_inflate=yes
ac_cv_objext=o
ac_cv_path_install='/usr/bin/install -c'
ac_cv_prog_ac_ct_CC=gcc
ac_cv_prog_cc_c11=
ac_cv_prog_cc_g=yes
ac_cv_prog_cc_stdc=
ac_cv_prog_make_make_set=yes
ac_cv_sys_file_offset_bits=no
ac_cv_sys_largefile_CC=no

## ----------------- ##
## Output variables. ##
## ----------------- ##

CC='gcc'
CFLAGS='-g -O2'
CPPFLAGS=''
DEFS='-DPACKAGE_NAME=\"\" -DPACKAGE_TARNAME=\"\" -DPACKAGE_VERSION=\"\" -DPACKAGE_STRING=\"\" -DPACKAGE_BUGREPORT=\"\" -DPACKAGE_URL=\"\" -DHAVE_LIBUSEFUL=1 -DHAVE_LIBUSEFUL=1 -DHAVE_LIBSSL=1 -DHAVE_LIBCRYPTO=1 -DHAVE_LIBZ=1'
ECHO_C=''
ECHO_N='-n'
ECHO_T=''
EXEEXT=''
INSTALL_DATA='${INSTALL} -m 644'
INSTALL_PROGRAM='${INSTALL}'
INSTALL_SCRIPT='${INSTALL}'
LDFLAGS=''
LIBOBJS=''
LIBS='-lz -lcrypto -lssl -lUseful -lUseful '
LIBUSEFUL_BUNDLED=''
LTLIBOBJS=''
OBJEXT='o'
PACKAGE_BUGREPORT=''
PACKAGE_NAME=''
PACKAGE_STRING=''
PACKAGE_TARNAME=''
PACKAGE_URL=''
PACKAGE_VERSION=''
PATH_SEPARATOR=':'
SET_MAKE=''
SHELL='/bin/bash'
ac_ct_CC='gcc'
bindir='${exec_prefix}/bin'
build_alias=''
datadir='${datarootdir}'
datarootdir='${prefix}/share'
docdir='${datarootdir}/doc/${PACKAGE}'
dvidir='${docdir}'
exec_prefix='${prefix}'
host_alias=''
htmldir='${docdir}'
includedir='${prefix}/include'
infodir='${datarootdir}/info'
libdir='${exec_prefix}/lib'
libexecdir='${exec_prefix}/libexec'
localedir='${datarootdir}/locale'
localstatedir='${prefix}/var'
mandir='${datarootdir}/man'
oldincludedir='/usr/include'
pdfdir='${docdir}'
prefix='/usr/local'
program_transform_name='s,x,x,'
psdir='${docdir}'
runstatedir='${localstatedir}/run'
sbindir='${exec_prefix}/sbin'
sharedstatedir='${prefix}/com'
subdirs=''
sysconfdir='${prefix}/etc'
target_alias=''

## ----------- ##
## confdefs.h. ##
## ----------- ##

/* confdefs.h */
#define PACKAGE_NAME ""
#define PACKAGE_TARNAME ""
#define PACKAGE_VERSION ""
#define PACKAGE_STRING ""
#define PACKAGE_BUGREPORT ""
#define PACKAGE_URL ""
#define HAVE_LIBUSEFUL 1
#define HAVE_LIBUSEFUL 1
#define HAVE_LIBSSL 1
#define HAVE_LIBCRYPTO 1
#define HAVE_LIBZ 1

configure: exit 0
